02:20:12.428 [quartzScheduler_Worker-10] ERROR c.a.d.f.s.StatFilter - [internalAfterStatementExecute,518] - slow sql 6125 millis. INSERT INTO gntq_station_sevp  ( id,
station_code,
sevp_id,
data_batch,

company_name,
lon,
industry,
type,

parent_code,
start_time,
second_industry,
station_name,
value,
lat,
station_id,
batch,
create_time,
qx_code,
end_time )  VALUES  ( ?,
?,
?,
?,

?,
?,
?,
?,

?,
?,
?,
?,
?,
?,
?,
?,
?,
?,
? ) ["58e5a22afe1c8f008ef9f68b56a09d64","10062542","2c86c5fc26d94b568466ca338f625c7e","202605301200","????",110.06927,"??","ER24","10049757","202605312000","??","????",0.0,25.100412,"129c5acd929d4f10a01e57c287f6e747","20260530120004800","2026-05-31 02:20:03","129c5acd929d4f10a01e57c287f6e747","202606012000"]
02:40:22.891 [quartzScheduler_Worker-8] ERROR c.a.d.f.s.StatFilter - [internalAfterStatementExecute,518] - slow sql 17309 millis. INSERT INTO gntq_station_sevp  ( id,
station_code,
sevp_id,
data_batch,

company_name,
lon,
industry,
type,

parent_code,
start_time,
second_industry,
station_name,
value,
lat,
station_id,
batch,
create_time,
qx_code,
end_time )  VALUES  ( ?,
?,
?,
?,

?,
?,
?,
?,

?,
?,
?,
?,
?,
?,
?,
?,
?,
?,
? ) ["eebd3d21bf9a7f7703ada17a2ed63ff7","10054320","53698df7469642b3ad295821fb3ac128","202605302000","????",118.486358,"????","WIND2","10052375","202605302000","??","??????",13.9,45.031117,"8fd9c221257d4ee580042ba21059336c","20260530200002400","2026-05-31 02:40:00","8fd9c221257d4ee580042ba21059336c","202605312000"]
08:00:00.395 [quartzScheduler_Worker-2] ERROR c.g.q.u.AbstractQuartzJob - [execute,49] - ??????  - ?
java.lang.reflect.InvocationTargetException: null
	at sun.reflect.NativeMethodAccessorImpl.invoke0(Native Method)
	at sun.reflect.NativeMethodAccessorImpl.invoke(NativeMethodAccessorImpl.java:62)
	at sun.reflect.DelegatingMethodAccessorImpl.invoke(DelegatingMethodAccessorImpl.java:43)
	at java.lang.reflect.Method.invoke(Method.java:498)
	at com.gntq.quartz.util.JobInvokeUtil.invokeMethod(JobInvokeUtil.java:61)
	at com.gntq.quartz.util.JobInvokeUtil.invokeMethod(JobInvokeUtil.java:33)
	at com.gntq.quartz.util.QuartzDisallowConcurrentExecution.doExecute(QuartzDisallowConcurrentExecution.java:19)
	at com.gntq.quartz.util.AbstractQuartzJob.execute(AbstractQuartzJob.java:43)
	at org.quartz.core.JobRunShell.run(JobRunShell.java:202)
	at org.quartz.simpl.SimpleThreadPool$WorkerThread.run(SimpleThreadPool.java:573)
Caused by: org.springframework.web.client.ResourceAccessException: I/O error on GET request for "http://dlsgs.chnenergy.com.cn/scuploadfile/uploadfile/grap/gdfs/SNOW_1h/202605/202605301200/202605310800.png": dlsgs.chnenergy.com.cn; nested exception is java.net.UnknownHostException: dlsgs.chnenergy.com.cn
	at org.springframework.web.client.RestTemplate.doExecute(RestTemplate.java:791)
	at org.springframework.web.client.RestTemplate.execute(RestTemplate.java:717)
	at org.springframework.web.client.RestTemplate.exchange(RestTemplate.java:608)
	at com.gntq.task.HeatmapDrawTask.downloadPNG(HeatmapDrawTask.java:626)
	at com.gntq.task.HeatmapDrawTask.getGrayMap(HeatmapDrawTask.java:268)
	at com.gntq.task.HeatmapDrawTask.handleExtremumMap(HeatmapDrawTask.java:184)
	at com.gntq.quartz.task.RyTask.handleExtremumMap(RyTask.java:153)
	... 10 common frames omitted
Caused by: java.net.UnknownHostException: dlsgs.chnenergy.com.cn
	at java.net.AbstractPlainSocketImpl.connect(AbstractPlainSocketImpl.java:184)
	at java.net.SocksSocketImpl.connect(SocksSocketImpl.java:392)
	at java.net.Socket.connect(Socket.java:589)
	at java.net.Socket.connect(Socket.java:538)
	at sun.net.NetworkClient.doConnect(NetworkClient.java:180)
	at sun.net.www.http.HttpClient.openServer(HttpClient.java:463)
	at sun.net.www.http.HttpClient.openServer(HttpClient.java:558)
	at sun.net.www.http.HttpClient.<init>(HttpClient.java:242)
	at sun.net.www.http.HttpClient.New(HttpClient.java:339)
	at sun.net.www.http.HttpClient.New(HttpClient.java:357)
	at sun.net.www.protocol.http.HttpURLConnection.getNewHttpClient(HttpURLConnection.java:1220)
	at sun.net.www.protocol.http.HttpURLConnection.plainConnect0(HttpURLConnection.java:1156)
	at sun.net.www.protocol.http.HttpURLConnection.plainConnect(HttpURLConnection.java:1050)
	at sun.net.www.protocol.http.HttpURLConnection.connect(HttpURLConnection.java:984)
	at sun.net.www.protocol.http.HttpURLConnection.getInputStream0(HttpURLConnection.java:1564)
	at sun.net.www.protocol.http.HttpURLConnection.getInputStream(HttpURLConnection.java:1492)
	at java.net.HttpURLConnection.getResponseCode(HttpURLConnection.java:480)
	at org.springframework.http.client.SimpleClientHttpResponse.getRawStatusCode(SimpleClientHttpResponse.java:55)
	at org.springframework.web.client.DefaultResponseErrorHandler.hasError(DefaultResponseErrorHandler.java:61)
	at org.springframework.web.client.RestTemplate.handleResponse(RestTemplate.java:813)
	at org.springframework.web.client.RestTemplate.doExecute(RestTemplate.java:783)
	... 16 common frames omitted
08:00:06.308 [quartzScheduler_Worker-5] ERROR c.a.d.f.s.StatFilter - [internalAfterStatementExecute,518] - slow sql 5934 millis. select * from data.data_point_gdfs where facility_id = ? and batch > ? and batch > to_char(NOW() , 'YYYYMMDD0000') order by batch,time ["0039dab9cc2c4fee9402732c690369d4","202605302000"]
08:00:20.942 [quartzScheduler_Worker-5] ERROR c.a.d.f.s.StatFilter - [internalAfterStatementExecute,518] - slow sql 14629 millis. select * from data.data_point_wrf where facility_id = ? and batch > ? and batch > to_char((NOW() + INTERVAL '3 days')::timestamp, 'YYYYMMDD0000') order by batch, time ["0039dab9cc2c4fee9402732c690369d4","202606022000"]
08:30:00.113 [quartzScheduler_Worker-4] ERROR c.g.q.u.AbstractQuartzJob - [execute,49] - ??????  - ?
java.lang.reflect.InvocationTargetException: null
	at sun.reflect.NativeMethodAccessorImpl.invoke0(Native Method)
	at sun.reflect.NativeMethodAccessorImpl.invoke(NativeMethodAccessorImpl.java:62)
	at sun.reflect.DelegatingMethodAccessorImpl.invoke(DelegatingMethodAccessorImpl.java:43)
	at java.lang.reflect.Method.invoke(Method.java:498)
	at com.gntq.quartz.util.JobInvokeUtil.invokeMethod(JobInvokeUtil.java:61)
	at com.gntq.quartz.util.JobInvokeUtil.invokeMethod(JobInvokeUtil.java:33)
	at com.gntq.quartz.util.QuartzDisallowConcurrentExecution.doExecute(QuartzDisallowConcurrentExecution.java:19)
	at com.gntq.quartz.util.AbstractQuartzJob.execute(AbstractQuartzJob.java:43)
	at org.quartz.core.JobRunShell.run(JobRunShell.java:202)
	at org.quartz.simpl.SimpleThreadPool$WorkerThread.run(SimpleThreadPool.java:573)
Caused by: org.springframework.web.client.ResourceAccessException: I/O error on GET request for "http://dlsgs.chnenergy.com.cn/scuploadfile/uploadfile/grap/gdfs/SNOW_1h/202605/202605301200/202605310800.png": dlsgs.chnenergy.com.cn; nested exception is java.net.UnknownHostException: dlsgs.chnenergy.com.cn
	at org.springframework.web.client.RestTemplate.doExecute(RestTemplate.java:791)
	at org.springframework.web.client.RestTemplate.execute(RestTemplate.java:717)
	at org.springframework.web.client.RestTemplate.exchange(RestTemplate.java:608)
	at com.gntq.task.HeatmapDrawTask.downloadPNG(HeatmapDrawTask.java:626)
	at com.gntq.task.HeatmapDrawTask.getGrayMap(HeatmapDrawTask.java:268)
	at com.gntq.task.HeatmapDrawTask.handleExtremumMap(HeatmapDrawTask.java:184)
	at com.gntq.quartz.task.RyTask.handleExtremumMap(RyTask.java:153)
	... 10 common frames omitted
Caused by: java.net.UnknownHostException: dlsgs.chnenergy.com.cn
	at java.net.AbstractPlainSocketImpl.connect(AbstractPlainSocketImpl.java:184)
	at java.net.SocksSocketImpl.connect(SocksSocketImpl.java:392)
	at java.net.Socket.connect(Socket.java:589)
	at java.net.Socket.connect(Socket.java:538)
	at sun.net.NetworkClient.doConnect(NetworkClient.java:180)
	at sun.net.www.http.HttpClient.openServer(HttpClient.java:463)
	at sun.net.www.http.HttpClient.openServer(HttpClient.java:558)
	at sun.net.www.http.HttpClient.<init>(HttpClient.java:242)
	at sun.net.www.http.HttpClient.New(HttpClient.java:339)
	at sun.net.www.http.HttpClient.New(HttpClient.java:357)
	at sun.net.www.protocol.http.HttpURLConnection.getNewHttpClient(HttpURLConnection.java:1220)
	at sun.net.www.protocol.http.HttpURLConnection.plainConnect0(HttpURLConnection.java:1156)
	at sun.net.www.protocol.http.HttpURLConnection.plainConnect(HttpURLConnection.java:1050)
	at sun.net.www.protocol.http.HttpURLConnection.connect(HttpURLConnection.java:984)
	at sun.net.www.protocol.http.HttpURLConnection.getInputStream0(HttpURLConnection.java:1564)
	at sun.net.www.protocol.http.HttpURLConnection.getInputStream(HttpURLConnection.java:1492)
	at java.net.HttpURLConnection.getResponseCode(HttpURLConnection.java:480)
	at org.springframework.http.client.SimpleClientHttpResponse.getRawStatusCode(SimpleClientHttpResponse.java:55)
	at org.springframework.web.client.DefaultResponseErrorHandler.hasError(DefaultResponseErrorHandler.java:61)
	at org.springframework.web.client.RestTemplate.handleResponse(RestTemplate.java:813)
	at org.springframework.web.client.RestTemplate.doExecute(RestTemplate.java:783)
	... 16 common frames omitted
08:33:32.937 [quartzScheduler_Worker-5] ERROR c.a.d.f.s.StatFilter - [internalAfterStatementExecute,518] - slow sql 20567 millis. INSERT INTO gntq_disaster_warning_data  ( gust_label,
gust_colour,




gust_level,
ws,
poi_code,


station_id,







ws_label,
batch,
ws_level,



ws_colour,

mdp_station_code,



time,


data_source_type,

gust )  VALUES  ( ?,
?,




?,
?,
?,


?,







?,
?,
?,



?,

?,



?,


?,

? ) ["??7?","#007efe","3",14.67,"10034919","13bcead6dc2b46e2bca4ef2f8e1c0613","??7?","202605310800","3","#007efe","13bcead6dc2b46e2bca4ef2f8e1c0613","202606011600","gdfs",14.67]
08:33:50.699 [quartzScheduler_Worker-5] ERROR c.a.d.f.s.StatFilter - [internalAfterStatementExecute,518] - slow sql 17374 millis. INSERT INTO gntq_disaster_warning_data  ( gust_label,
gust_colour,




gust_level,
ws,
poi_code,


station_id,







ws_label,
batch,
ws_level,



ws_colour,

mdp_station_code,



time,


data_source_type,

gust )  VALUES  ( ?,
?,




?,
?,
?,


?,







?,
?,
?,



?,

?,



?,


?,

? ) ["??7?","#007efe","3",13.96,"10112687","3ed7ff57933844528dc1af6c9621eace","??7?","202605310800","3","#007efe","3ed7ff57933844528dc1af6c9621eace","202606011800","gdfs",13.96]
08:34:22.066 [quartzScheduler_Worker-9] ERROR c.a.d.f.s.StatFilter - [internalAfterStatementExecute,518] - slow sql 15413 millis. insert into sys_job_log(
 			 
 			 job_name, 
 			 job_group, 
 			 invoke_target, 
 			 job_message, 
 			 status, 
 			 
 			create_time
 		)values(
 			 
 			 ?, 
 			 ?, 
 			 ?, 
 			 ?, 
 			 ?, 
 			 
 			sysdate()
 		) ["???????????","SYSTEM","ryTask.handleDisasterWarning","??????????? ?????6895??","0"]
08:40:22.567 [quartzScheduler_Worker-6] ERROR c.a.d.f.s.StatFilter - [internalAfterStatementExecute,518] - slow sql 16399 millis. INSERT INTO gntq_station_sevp  ( id,
station_code,
sevp_id,
data_batch,

company_name,
lon,
industry,
type,

parent_code,
start_time,
second_industry,
station_name,
value,
lat,
station_id,
batch,
create_time,
qx_code,
end_time )  VALUES  ( ?,
?,
?,
?,

?,
?,
?,
?,

?,
?,
?,
?,
?,
?,
?,
?,
?,
?,
? ) ["3cccaaa190fb9da53459eeabba2c9820","10047372","0c62decd9c5540d6a449cb52a9f584cd","202605310800","????",103.641778,"????","ETAMIX2","10047167","202605310800","??","???????????",18.0,24.826485,"de19169f8f33438a9e828609f135ddcb","20260531080002412","2026-05-31 08:40:03","de19169f8f33438a9e828609f135ddcb","202606010800"]
09:00:00.481 [quartzScheduler_Worker-7] ERROR c.g.q.u.AbstractQuartzJob - [execute,49] - ??????  - ?
java.lang.reflect.InvocationTargetException: null
	at sun.reflect.NativeMethodAccessorImpl.invoke0(Native Method)
	at sun.reflect.NativeMethodAccessorImpl.invoke(NativeMethodAccessorImpl.java:62)
	at sun.reflect.DelegatingMethodAccessorImpl.invoke(DelegatingMethodAccessorImpl.java:43)
	at java.lang.reflect.Method.invoke(Method.java:498)
	at com.gntq.quartz.util.JobInvokeUtil.invokeMethod(JobInvokeUtil.java:61)
	at com.gntq.quartz.util.JobInvokeUtil.invokeMethod(JobInvokeUtil.java:33)
	at com.gntq.quartz.util.QuartzDisallowConcurrentExecution.doExecute(QuartzDisallowConcurrentExecution.java:19)
	at com.gntq.quartz.util.AbstractQuartzJob.execute(AbstractQuartzJob.java:43)
	at org.quartz.core.JobRunShell.run(JobRunShell.java:202)
	at org.quartz.simpl.SimpleThreadPool$WorkerThread.run(SimpleThreadPool.java:573)
Caused by: org.springframework.web.client.ResourceAccessException: I/O error on GET request for "http://dlsgs.chnenergy.com.cn/scuploadfile/uploadfile/grap/gdfs/SNOW_1h/202605/202605301200/202605310800.png": dlsgs.chnenergy.com.cn; nested exception is java.net.UnknownHostException: dlsgs.chnenergy.com.cn
	at org.springframework.web.client.RestTemplate.doExecute(RestTemplate.java:791)
	at org.springframework.web.client.RestTemplate.execute(RestTemplate.java:717)
	at org.springframework.web.client.RestTemplate.exchange(RestTemplate.java:608)
	at com.gntq.task.HeatmapDrawTask.downloadPNG(HeatmapDrawTask.java:626)
	at com.gntq.task.HeatmapDrawTask.getGrayMap(HeatmapDrawTask.java:268)
	at com.gntq.task.HeatmapDrawTask.handleExtremumMap(HeatmapDrawTask.java:184)
	at com.gntq.quartz.task.RyTask.handleExtremumMap(RyTask.java:153)
	... 10 common frames omitted
Caused by: java.net.UnknownHostException: dlsgs.chnenergy.com.cn
	at java.net.AbstractPlainSocketImpl.connect(AbstractPlainSocketImpl.java:184)
	at java.net.SocksSocketImpl.connect(SocksSocketImpl.java:392)
	at java.net.Socket.connect(Socket.java:589)
	at java.net.Socket.connect(Socket.java:538)
	at sun.net.NetworkClient.doConnect(NetworkClient.java:180)
	at sun.net.www.http.HttpClient.openServer(HttpClient.java:463)
	at sun.net.www.http.HttpClient.openServer(HttpClient.java:558)
	at sun.net.www.http.HttpClient.<init>(HttpClient.java:242)
	at sun.net.www.http.HttpClient.New(HttpClient.java:339)
	at sun.net.www.http.HttpClient.New(HttpClient.java:357)
	at sun.net.www.protocol.http.HttpURLConnection.getNewHttpClient(HttpURLConnection.java:1220)
	at sun.net.www.protocol.http.HttpURLConnection.plainConnect0(HttpURLConnection.java:1156)
	at sun.net.www.protocol.http.HttpURLConnection.plainConnect(HttpURLConnection.java:1050)
	at sun.net.www.protocol.http.HttpURLConnection.connect(HttpURLConnection.java:984)
	at sun.net.www.protocol.http.HttpURLConnection.getInputStream0(HttpURLConnection.java:1564)
	at sun.net.www.protocol.http.HttpURLConnection.getInputStream(HttpURLConnection.java:1492)
	at java.net.HttpURLConnection.getResponseCode(HttpURLConnection.java:480)
	at org.springframework.http.client.SimpleClientHttpResponse.getRawStatusCode(SimpleClientHttpResponse.java:55)
	at org.springframework.web.client.DefaultResponseErrorHandler.hasError(DefaultResponseErrorHandler.java:61)
	at org.springframework.web.client.RestTemplate.handleResponse(RestTemplate.java:813)
	at org.springframework.web.client.RestTemplate.doExecute(RestTemplate.java:783)
	... 16 common frames omitted
09:30:00.183 [quartzScheduler_Worker-10] ERROR c.g.q.u.AbstractQuartzJob - [execute,49] - ??????  - ?
java.lang.reflect.InvocationTargetException: null
	at sun.reflect.NativeMethodAccessorImpl.invoke0(Native Method)
	at sun.reflect.NativeMethodAccessorImpl.invoke(NativeMethodAccessorImpl.java:62)
	at sun.reflect.DelegatingMethodAccessorImpl.invoke(DelegatingMethodAccessorImpl.java:43)
	at java.lang.reflect.Method.invoke(Method.java:498)
	at com.gntq.quartz.util.JobInvokeUtil.invokeMethod(JobInvokeUtil.java:61)
	at com.gntq.quartz.util.JobInvokeUtil.invokeMethod(JobInvokeUtil.java:33)
	at com.gntq.quartz.util.QuartzDisallowConcurrentExecution.doExecute(QuartzDisallowConcurrentExecution.java:19)
	at com.gntq.quartz.util.AbstractQuartzJob.execute(AbstractQuartzJob.java:43)
	at org.quartz.core.JobRunShell.run(JobRunShell.java:202)
	at org.quartz.simpl.SimpleThreadPool$WorkerThread.run(SimpleThreadPool.java:573)
Caused by: org.springframework.web.client.ResourceAccessException: I/O error on GET request for "http://dlsgs.chnenergy.com.cn/scuploadfile/uploadfile/grap/gdfs/SNOW_1h/202605/202605301200/202605310800.png": dlsgs.chnenergy.com.cn; nested exception is java.net.UnknownHostException: dlsgs.chnenergy.com.cn
	at org.springframework.web.client.RestTemplate.doExecute(RestTemplate.java:791)
	at org.springframework.web.client.RestTemplate.execute(RestTemplate.java:717)
	at org.springframework.web.client.RestTemplate.exchange(RestTemplate.java:608)
	at com.gntq.task.HeatmapDrawTask.downloadPNG(HeatmapDrawTask.java:626)
	at com.gntq.task.HeatmapDrawTask.getGrayMap(HeatmapDrawTask.java:268)
	at com.gntq.task.HeatmapDrawTask.handleExtremumMap(HeatmapDrawTask.java:184)
	at com.gntq.quartz.task.RyTask.handleExtremumMap(RyTask.java:153)
	... 10 common frames omitted
Caused by: java.net.UnknownHostException: dlsgs.chnenergy.com.cn
	at java.net.AbstractPlainSocketImpl.connect(AbstractPlainSocketImpl.java:184)
	at java.net.SocksSocketImpl.connect(SocksSocketImpl.java:392)
	at java.net.Socket.connect(Socket.java:589)
	at java.net.Socket.connect(Socket.java:538)
	at sun.net.NetworkClient.doConnect(NetworkClient.java:180)
	at sun.net.www.http.HttpClient.openServer(HttpClient.java:463)
	at sun.net.www.http.HttpClient.openServer(HttpClient.java:558)
	at sun.net.www.http.HttpClient.<init>(HttpClient.java:242)
	at sun.net.www.http.HttpClient.New(HttpClient.java:339)
	at sun.net.www.http.HttpClient.New(HttpClient.java:357)
	at sun.net.www.protocol.http.HttpURLConnection.getNewHttpClient(HttpURLConnection.java:1220)
	at sun.net.www.protocol.http.HttpURLConnection.plainConnect0(HttpURLConnection.java:1156)
	at sun.net.www.protocol.http.HttpURLConnection.plainConnect(HttpURLConnection.java:1050)
	at sun.net.www.protocol.http.HttpURLConnection.connect(HttpURLConnection.java:984)
	at sun.net.www.protocol.http.HttpURLConnection.getInputStream0(HttpURLConnection.java:1564)
	at sun.net.www.protocol.http.HttpURLConnection.getInputStream(HttpURLConnection.java:1492)
	at java.net.HttpURLConnection.getResponseCode(HttpURLConnection.java:480)
	at org.springframework.http.client.SimpleClientHttpResponse.getRawStatusCode(SimpleClientHttpResponse.java:55)
	at org.springframework.web.client.DefaultResponseErrorHandler.hasError(DefaultResponseErrorHandler.java:61)
	at org.springframework.web.client.RestTemplate.handleResponse(RestTemplate.java:813)
	at org.springframework.web.client.RestTemplate.doExecute(RestTemplate.java:783)
	... 16 common frames omitted
10:00:00.335 [quartzScheduler_Worker-5] ERROR c.g.q.u.AbstractQuartzJob - [execute,49] - ??????  - ?
java.lang.reflect.InvocationTargetException: null
	at sun.reflect.NativeMethodAccessorImpl.invoke0(Native Method)
	at sun.reflect.NativeMethodAccessorImpl.invoke(NativeMethodAccessorImpl.java:62)
	at sun.reflect.DelegatingMethodAccessorImpl.invoke(DelegatingMethodAccessorImpl.java:43)
	at java.lang.reflect.Method.invoke(Method.java:498)
	at com.gntq.quartz.util.JobInvokeUtil.invokeMethod(JobInvokeUtil.java:61)
	at com.gntq.quartz.util.JobInvokeUtil.invokeMethod(JobInvokeUtil.java:33)
	at com.gntq.quartz.util.QuartzDisallowConcurrentExecution.doExecute(QuartzDisallowConcurrentExecution.java:19)
	at com.gntq.quartz.util.AbstractQuartzJob.execute(AbstractQuartzJob.java:43)
	at org.quartz.core.JobRunShell.run(JobRunShell.java:202)
	at org.quartz.simpl.SimpleThreadPool$WorkerThread.run(SimpleThreadPool.java:573)
Caused by: org.springframework.web.client.ResourceAccessException: I/O error on GET request for "http://dlsgs.chnenergy.com.cn/scuploadfile/uploadfile/grap/gdfs/SNOW_1h/202605/202605301200/202605310800.png": dlsgs.chnenergy.com.cn; nested exception is java.net.UnknownHostException: dlsgs.chnenergy.com.cn
	at org.springframework.web.client.RestTemplate.doExecute(RestTemplate.java:791)
	at org.springframework.web.client.RestTemplate.execute(RestTemplate.java:717)
	at org.springframework.web.client.RestTemplate.exchange(RestTemplate.java:608)
	at com.gntq.task.HeatmapDrawTask.downloadPNG(HeatmapDrawTask.java:626)
	at com.gntq.task.HeatmapDrawTask.getGrayMap(HeatmapDrawTask.java:268)
	at com.gntq.task.HeatmapDrawTask.handleExtremumMap(HeatmapDrawTask.java:184)
	at com.gntq.quartz.task.RyTask.handleExtremumMap(RyTask.java:153)
	... 10 common frames omitted
Caused by: java.net.UnknownHostException: dlsgs.chnenergy.com.cn
	at java.net.AbstractPlainSocketImpl.connect(AbstractPlainSocketImpl.java:184)
	at java.net.SocksSocketImpl.connect(SocksSocketImpl.java:392)
	at java.net.Socket.connect(Socket.java:589)
	at java.net.Socket.connect(Socket.java:538)
	at sun.net.NetworkClient.doConnect(NetworkClient.java:180)
	at sun.net.www.http.HttpClient.openServer(HttpClient.java:463)
	at sun.net.www.http.HttpClient.openServer(HttpClient.java:558)
	at sun.net.www.http.HttpClient.<init>(HttpClient.java:242)
	at sun.net.www.http.HttpClient.New(HttpClient.java:339)
	at sun.net.www.http.HttpClient.New(HttpClient.java:357)
	at sun.net.www.protocol.http.HttpURLConnection.getNewHttpClient(HttpURLConnection.java:1220)
	at sun.net.www.protocol.http.HttpURLConnection.plainConnect0(HttpURLConnection.java:1156)
	at sun.net.www.protocol.http.HttpURLConnection.plainConnect(HttpURLConnection.java:1050)
	at sun.net.www.protocol.http.HttpURLConnection.connect(HttpURLConnection.java:984)
	at sun.net.www.protocol.http.HttpURLConnection.getInputStream0(HttpURLConnection.java:1564)
	at sun.net.www.protocol.http.HttpURLConnection.getInputStream(HttpURLConnection.java:1492)
	at java.net.HttpURLConnection.getResponseCode(HttpURLConnection.java:480)
	at org.springframework.http.client.SimpleClientHttpResponse.getRawStatusCode(SimpleClientHttpResponse.java:55)
	at org.springframework.web.client.DefaultResponseErrorHandler.hasError(DefaultResponseErrorHandler.java:61)
	at org.springframework.web.client.RestTemplate.handleResponse(RestTemplate.java:813)
	at org.springframework.web.client.RestTemplate.doExecute(RestTemplate.java:783)
	... 16 common frames omitted
10:30:00.155 [quartzScheduler_Worker-8] ERROR c.g.q.u.AbstractQuartzJob - [execute,49] - ??????  - ?
java.lang.reflect.InvocationTargetException: null
	at sun.reflect.NativeMethodAccessorImpl.invoke0(Native Method)
	at sun.reflect.NativeMethodAccessorImpl.invoke(NativeMethodAccessorImpl.java:62)
	at sun.reflect.DelegatingMethodAccessorImpl.invoke(DelegatingMethodAccessorImpl.java:43)
	at java.lang.reflect.Method.invoke(Method.java:498)
	at com.gntq.quartz.util.JobInvokeUtil.invokeMethod(JobInvokeUtil.java:61)
	at com.gntq.quartz.util.JobInvokeUtil.invokeMethod(JobInvokeUtil.java:33)
	at com.gntq.quartz.util.QuartzDisallowConcurrentExecution.doExecute(QuartzDisallowConcurrentExecution.java:19)
	at com.gntq.quartz.util.AbstractQuartzJob.execute(AbstractQuartzJob.java:43)
	at org.quartz.core.JobRunShell.run(JobRunShell.java:202)
	at org.quartz.simpl.SimpleThreadPool$WorkerThread.run(SimpleThreadPool.java:573)
Caused by: org.springframework.web.client.ResourceAccessException: I/O error on GET request for "http://dlsgs.chnenergy.com.cn/scuploadfile/uploadfile/grap/gdfs/SNOW_1h/202605/202605301200/202605310800.png": dlsgs.chnenergy.com.cn; nested exception is java.net.UnknownHostException: dlsgs.chnenergy.com.cn
	at org.springframework.web.client.RestTemplate.doExecute(RestTemplate.java:791)
	at org.springframework.web.client.RestTemplate.execute(RestTemplate.java:717)
	at org.springframework.web.client.RestTemplate.exchange(RestTemplate.java:608)
	at com.gntq.task.HeatmapDrawTask.downloadPNG(HeatmapDrawTask.java:626)
	at com.gntq.task.HeatmapDrawTask.getGrayMap(HeatmapDrawTask.java:268)
	at com.gntq.task.HeatmapDrawTask.handleExtremumMap(HeatmapDrawTask.java:184)
	at com.gntq.quartz.task.RyTask.handleExtremumMap(RyTask.java:153)
	... 10 common frames omitted
Caused by: java.net.UnknownHostException: dlsgs.chnenergy.com.cn
	at java.net.AbstractPlainSocketImpl.connect(AbstractPlainSocketImpl.java:184)
	at java.net.SocksSocketImpl.connect(SocksSocketImpl.java:392)
	at java.net.Socket.connect(Socket.java:589)
	at java.net.Socket.connect(Socket.java:538)
	at sun.net.NetworkClient.doConnect(NetworkClient.java:180)
	at sun.net.www.http.HttpClient.openServer(HttpClient.java:463)
	at sun.net.www.http.HttpClient.openServer(HttpClient.java:558)
	at sun.net.www.http.HttpClient.<init>(HttpClient.java:242)
	at sun.net.www.http.HttpClient.New(HttpClient.java:339)
	at sun.net.www.http.HttpClient.New(HttpClient.java:357)
	at sun.net.www.protocol.http.HttpURLConnection.getNewHttpClient(HttpURLConnection.java:1220)
	at sun.net.www.protocol.http.HttpURLConnection.plainConnect0(HttpURLConnection.java:1156)
	at sun.net.www.protocol.http.HttpURLConnection.plainConnect(HttpURLConnection.java:1050)
	at sun.net.www.protocol.http.HttpURLConnection.connect(HttpURLConnection.java:984)
	at sun.net.www.protocol.http.HttpURLConnection.getInputStream0(HttpURLConnection.java:1564)
	at sun.net.www.protocol.http.HttpURLConnection.getInputStream(HttpURLConnection.java:1492)
	at java.net.HttpURLConnection.getResponseCode(HttpURLConnection.java:480)
	at org.springframework.http.client.SimpleClientHttpResponse.getRawStatusCode(SimpleClientHttpResponse.java:55)
	at org.springframework.web.client.DefaultResponseErrorHandler.hasError(DefaultResponseErrorHandler.java:61)
	at org.springframework.web.client.RestTemplate.handleResponse(RestTemplate.java:813)
	at org.springframework.web.client.RestTemplate.doExecute(RestTemplate.java:783)
	... 16 common frames omitted
11:00:00.247 [quartzScheduler_Worker-4] ERROR c.g.q.u.AbstractQuartzJob - [execute,49] - ??????  - ?
java.lang.reflect.InvocationTargetException: null
	at sun.reflect.GeneratedMethodAccessor916.invoke(Unknown Source)
	at sun.reflect.DelegatingMethodAccessorImpl.invoke(DelegatingMethodAccessorImpl.java:43)
	at java.lang.reflect.Method.invoke(Method.java:498)
	at com.gntq.quartz.util.JobInvokeUtil.invokeMethod(JobInvokeUtil.java:61)
	at com.gntq.quartz.util.JobInvokeUtil.invokeMethod(JobInvokeUtil.java:33)
	at com.gntq.quartz.util.QuartzDisallowConcurrentExecution.doExecute(QuartzDisallowConcurrentExecution.java:19)
	at com.gntq.quartz.util.AbstractQuartzJob.execute(AbstractQuartzJob.java:43)
	at org.quartz.core.JobRunShell.run(JobRunShell.java:202)
	at org.quartz.simpl.SimpleThreadPool$WorkerThread.run(SimpleThreadPool.java:573)
Caused by: org.springframework.web.client.ResourceAccessException: I/O error on GET request for "http://dlsgs.chnenergy.com.cn/scuploadfile/uploadfile/grap/gdfs/SNOW_1h/202605/202605301200/202605310800.png": dlsgs.chnenergy.com.cn; nested exception is java.net.UnknownHostException: dlsgs.chnenergy.com.cn
	at org.springframework.web.client.RestTemplate.doExecute(RestTemplate.java:791)
	at org.springframework.web.client.RestTemplate.execute(RestTemplate.java:717)
	at org.springframework.web.client.RestTemplate.exchange(RestTemplate.java:608)
	at com.gntq.task.HeatmapDrawTask.downloadPNG(HeatmapDrawTask.java:626)
	at com.gntq.task.HeatmapDrawTask.getGrayMap(HeatmapDrawTask.java:268)
	at com.gntq.task.HeatmapDrawTask.handleExtremumMap(HeatmapDrawTask.java:184)
	at com.gntq.quartz.task.RyTask.handleExtremumMap(RyTask.java:153)
	... 9 common frames omitted
Caused by: java.net.UnknownHostException: dlsgs.chnenergy.com.cn
	at java.net.AbstractPlainSocketImpl.connect(AbstractPlainSocketImpl.java:184)
	at java.net.SocksSocketImpl.connect(SocksSocketImpl.java:392)
	at java.net.Socket.connect(Socket.java:589)
	at java.net.Socket.connect(Socket.java:538)
	at sun.net.NetworkClient.doConnect(NetworkClient.java:180)
	at sun.net.www.http.HttpClient.openServer(HttpClient.java:463)
	at sun.net.www.http.HttpClient.openServer(HttpClient.java:558)
	at sun.net.www.http.HttpClient.<init>(HttpClient.java:242)
	at sun.net.www.http.HttpClient.New(HttpClient.java:339)
	at sun.net.www.http.HttpClient.New(HttpClient.java:357)
	at sun.net.www.protocol.http.HttpURLConnection.getNewHttpClient(HttpURLConnection.java:1220)
	at sun.net.www.protocol.http.HttpURLConnection.plainConnect0(HttpURLConnection.java:1156)
	at sun.net.www.protocol.http.HttpURLConnection.plainConnect(HttpURLConnection.java:1050)
	at sun.net.www.protocol.http.HttpURLConnection.connect(HttpURLConnection.java:984)
	at sun.net.www.protocol.http.HttpURLConnection.getInputStream0(HttpURLConnection.java:1564)
	at sun.net.www.protocol.http.HttpURLConnection.getInputStream(HttpURLConnection.java:1492)
	at java.net.HttpURLConnection.getResponseCode(HttpURLConnection.java:480)
	at org.springframework.http.client.SimpleClientHttpResponse.getRawStatusCode(SimpleClientHttpResponse.java:55)
	at org.springframework.web.client.DefaultResponseErrorHandler.hasError(DefaultResponseErrorHandler.java:61)
	at org.springframework.web.client.RestTemplate.handleResponse(RestTemplate.java:813)
	at org.springframework.web.client.RestTemplate.doExecute(RestTemplate.java:783)
	... 15 common frames omitted
11:30:00.153 [quartzScheduler_Worker-3] ERROR c.g.q.u.AbstractQuartzJob - [execute,49] - ??????  - ?
java.lang.reflect.InvocationTargetException: null
	at sun.reflect.GeneratedMethodAccessor916.invoke(Unknown Source)
	at sun.reflect.DelegatingMethodAccessorImpl.invoke(DelegatingMethodAccessorImpl.java:43)
	at java.lang.reflect.Method.invoke(Method.java:498)
	at com.gntq.quartz.util.JobInvokeUtil.invokeMethod(JobInvokeUtil.java:61)
	at com.gntq.quartz.util.JobInvokeUtil.invokeMethod(JobInvokeUtil.java:33)
	at com.gntq.quartz.util.QuartzDisallowConcurrentExecution.doExecute(QuartzDisallowConcurrentExecution.java:19)
	at com.gntq.quartz.util.AbstractQuartzJob.execute(AbstractQuartzJob.java:43)
	at org.quartz.core.JobRunShell.run(JobRunShell.java:202)
	at org.quartz.simpl.SimpleThreadPool$WorkerThread.run(SimpleThreadPool.java:573)
Caused by: org.springframework.web.client.ResourceAccessException: I/O error on GET request for "http://dlsgs.chnenergy.com.cn/scuploadfile/uploadfile/grap/gdfs/SNOW_1h/202605/202605301200/202605310800.png": dlsgs.chnenergy.com.cn; nested exception is java.net.UnknownHostException: dlsgs.chnenergy.com.cn
	at org.springframework.web.client.RestTemplate.doExecute(RestTemplate.java:791)
	at org.springframework.web.client.RestTemplate.execute(RestTemplate.java:717)
	at org.springframework.web.client.RestTemplate.exchange(RestTemplate.java:608)
	at com.gntq.task.HeatmapDrawTask.downloadPNG(HeatmapDrawTask.java:626)
	at com.gntq.task.HeatmapDrawTask.getGrayMap(HeatmapDrawTask.java:268)
	at com.gntq.task.HeatmapDrawTask.handleExtremumMap(HeatmapDrawTask.java:184)
	at com.gntq.quartz.task.RyTask.handleExtremumMap(RyTask.java:153)
	... 9 common frames omitted
Caused by: java.net.UnknownHostException: dlsgs.chnenergy.com.cn
	at java.net.AbstractPlainSocketImpl.connect(AbstractPlainSocketImpl.java:184)
	at java.net.SocksSocketImpl.connect(SocksSocketImpl.java:392)
	at java.net.Socket.connect(Socket.java:589)
	at java.net.Socket.connect(Socket.java:538)
	at sun.net.NetworkClient.doConnect(NetworkClient.java:180)
	at sun.net.www.http.HttpClient.openServer(HttpClient.java:463)
	at sun.net.www.http.HttpClient.openServer(HttpClient.java:558)
	at sun.net.www.http.HttpClient.<init>(HttpClient.java:242)
	at sun.net.www.http.HttpClient.New(HttpClient.java:339)
	at sun.net.www.http.HttpClient.New(HttpClient.java:357)
	at sun.net.www.protocol.http.HttpURLConnection.getNewHttpClient(HttpURLConnection.java:1220)
	at sun.net.www.protocol.http.HttpURLConnection.plainConnect0(HttpURLConnection.java:1156)
	at sun.net.www.protocol.http.HttpURLConnection.plainConnect(HttpURLConnection.java:1050)
	at sun.net.www.protocol.http.HttpURLConnection.connect(HttpURLConnection.java:984)
	at sun.net.www.protocol.http.HttpURLConnection.getInputStream0(HttpURLConnection.java:1564)
	at sun.net.www.protocol.http.HttpURLConnection.getInputStream(HttpURLConnection.java:1492)
	at java.net.HttpURLConnection.getResponseCode(HttpURLConnection.java:480)
	at org.springframework.http.client.SimpleClientHttpResponse.getRawStatusCode(SimpleClientHttpResponse.java:55)
	at org.springframework.web.client.DefaultResponseErrorHandler.hasError(DefaultResponseErrorHandler.java:61)
	at org.springframework.web.client.RestTemplate.handleResponse(RestTemplate.java:813)
	at org.springframework.web.client.RestTemplate.doExecute(RestTemplate.java:783)
	... 15 common frames omitted
12:00:00.282 [quartzScheduler_Worker-5] ERROR c.g.q.u.AbstractQuartzJob - [execute,49] - ??????  - ?
java.lang.reflect.InvocationTargetException: null
	at sun.reflect.GeneratedMethodAccessor916.invoke(Unknown Source)
	at sun.reflect.DelegatingMethodAccessorImpl.invoke(DelegatingMethodAccessorImpl.java:43)
	at java.lang.reflect.Method.invoke(Method.java:498)
	at com.gntq.quartz.util.JobInvokeUtil.invokeMethod(JobInvokeUtil.java:61)
	at com.gntq.quartz.util.JobInvokeUtil.invokeMethod(JobInvokeUtil.java:33)
	at com.gntq.quartz.util.QuartzDisallowConcurrentExecution.doExecute(QuartzDisallowConcurrentExecution.java:19)
	at com.gntq.quartz.util.AbstractQuartzJob.execute(AbstractQuartzJob.java:43)
	at org.quartz.core.JobRunShell.run(JobRunShell.java:202)
	at org.quartz.simpl.SimpleThreadPool$WorkerThread.run(SimpleThreadPool.java:573)
Caused by: org.springframework.web.client.ResourceAccessException: I/O error on GET request for "http://dlsgs.chnenergy.com.cn/scuploadfile/uploadfile/grap/gdfs/SNOW_1h/202605/202605301200/202605310800.png": dlsgs.chnenergy.com.cn; nested exception is java.net.UnknownHostException: dlsgs.chnenergy.com.cn
	at org.springframework.web.client.RestTemplate.doExecute(RestTemplate.java:791)
	at org.springframework.web.client.RestTemplate.execute(RestTemplate.java:717)
	at org.springframework.web.client.RestTemplate.exchange(RestTemplate.java:608)
	at com.gntq.task.HeatmapDrawTask.downloadPNG(HeatmapDrawTask.java:626)
	at com.gntq.task.HeatmapDrawTask.getGrayMap(HeatmapDrawTask.java:268)
	at com.gntq.task.HeatmapDrawTask.handleExtremumMap(HeatmapDrawTask.java:184)
	at com.gntq.quartz.task.RyTask.handleExtremumMap(RyTask.java:153)
	... 9 common frames omitted
Caused by: java.net.UnknownHostException: dlsgs.chnenergy.com.cn
	at java.net.AbstractPlainSocketImpl.connect(AbstractPlainSocketImpl.java:184)
	at java.net.SocksSocketImpl.connect(SocksSocketImpl.java:392)
	at java.net.Socket.connect(Socket.java:589)
	at java.net.Socket.connect(Socket.java:538)
	at sun.net.NetworkClient.doConnect(NetworkClient.java:180)
	at sun.net.www.http.HttpClient.openServer(HttpClient.java:463)
	at sun.net.www.http.HttpClient.openServer(HttpClient.java:558)
	at sun.net.www.http.HttpClient.<init>(HttpClient.java:242)
	at sun.net.www.http.HttpClient.New(HttpClient.java:339)
	at sun.net.www.http.HttpClient.New(HttpClient.java:357)
	at sun.net.www.protocol.http.HttpURLConnection.getNewHttpClient(HttpURLConnection.java:1220)
	at sun.net.www.protocol.http.HttpURLConnection.plainConnect0(HttpURLConnection.java:1156)
	at sun.net.www.protocol.http.HttpURLConnection.plainConnect(HttpURLConnection.java:1050)
	at sun.net.www.protocol.http.HttpURLConnection.connect(HttpURLConnection.java:984)
	at sun.net.www.protocol.http.HttpURLConnection.getInputStream0(HttpURLConnection.java:1564)
	at sun.net.www.protocol.http.HttpURLConnection.getInputStream(HttpURLConnection.java:1492)
	at java.net.HttpURLConnection.getResponseCode(HttpURLConnection.java:480)
	at org.springframework.http.client.SimpleClientHttpResponse.getRawStatusCode(SimpleClientHttpResponse.java:55)
	at org.springframework.web.client.DefaultResponseErrorHandler.hasError(DefaultResponseErrorHandler.java:61)
	at org.springframework.web.client.RestTemplate.handleResponse(RestTemplate.java:813)
	at org.springframework.web.client.RestTemplate.doExecute(RestTemplate.java:783)
	... 15 common frames omitted
12:30:00.180 [quartzScheduler_Worker-2] ERROR c.g.q.u.AbstractQuartzJob - [execute,49] - ??????  - ?
java.lang.reflect.InvocationTargetException: null
	at sun.reflect.GeneratedMethodAccessor916.invoke(Unknown Source)
	at sun.reflect.DelegatingMethodAccessorImpl.invoke(DelegatingMethodAccessorImpl.java:43)
	at java.lang.reflect.Method.invoke(Method.java:498)
	at com.gntq.quartz.util.JobInvokeUtil.invokeMethod(JobInvokeUtil.java:61)
	at com.gntq.quartz.util.JobInvokeUtil.invokeMethod(JobInvokeUtil.java:33)
	at com.gntq.quartz.util.QuartzDisallowConcurrentExecution.doExecute(QuartzDisallowConcurrentExecution.java:19)
	at com.gntq.quartz.util.AbstractQuartzJob.execute(AbstractQuartzJob.java:43)
	at org.quartz.core.JobRunShell.run(JobRunShell.java:202)
	at org.quartz.simpl.SimpleThreadPool$WorkerThread.run(SimpleThreadPool.java:573)
Caused by: org.springframework.web.client.ResourceAccessException: I/O error on GET request for "http://dlsgs.chnenergy.com.cn/scuploadfile/uploadfile/grap/gdfs/SNOW_1h/202605/202605301200/202605310800.png": dlsgs.chnenergy.com.cn; nested exception is java.net.UnknownHostException: dlsgs.chnenergy.com.cn
	at org.springframework.web.client.RestTemplate.doExecute(RestTemplate.java:791)
	at org.springframework.web.client.RestTemplate.execute(RestTemplate.java:717)
	at org.springframework.web.client.RestTemplate.exchange(RestTemplate.java:608)
	at com.gntq.task.HeatmapDrawTask.downloadPNG(HeatmapDrawTask.java:626)
	at com.gntq.task.HeatmapDrawTask.getGrayMap(HeatmapDrawTask.java:268)
	at com.gntq.task.HeatmapDrawTask.handleExtremumMap(HeatmapDrawTask.java:184)
	at com.gntq.quartz.task.RyTask.handleExtremumMap(RyTask.java:153)
	... 9 common frames omitted
Caused by: java.net.UnknownHostException: dlsgs.chnenergy.com.cn
	at java.net.AbstractPlainSocketImpl.connect(AbstractPlainSocketImpl.java:184)
	at java.net.SocksSocketImpl.connect(SocksSocketImpl.java:392)
	at java.net.Socket.connect(Socket.java:589)
	at java.net.Socket.connect(Socket.java:538)
	at sun.net.NetworkClient.doConnect(NetworkClient.java:180)
	at sun.net.www.http.HttpClient.openServer(HttpClient.java:463)
	at sun.net.www.http.HttpClient.openServer(HttpClient.java:558)
	at sun.net.www.http.HttpClient.<init>(HttpClient.java:242)
	at sun.net.www.http.HttpClient.New(HttpClient.java:339)
	at sun.net.www.http.HttpClient.New(HttpClient.java:357)
	at sun.net.www.protocol.http.HttpURLConnection.getNewHttpClient(HttpURLConnection.java:1220)
	at sun.net.www.protocol.http.HttpURLConnection.plainConnect0(HttpURLConnection.java:1156)
	at sun.net.www.protocol.http.HttpURLConnection.plainConnect(HttpURLConnection.java:1050)
	at sun.net.www.protocol.http.HttpURLConnection.connect(HttpURLConnection.java:984)
	at sun.net.www.protocol.http.HttpURLConnection.getInputStream0(HttpURLConnection.java:1564)
	at sun.net.www.protocol.http.HttpURLConnection.getInputStream(HttpURLConnection.java:1492)
	at java.net.HttpURLConnection.getResponseCode(HttpURLConnection.java:480)
	at org.springframework.http.client.SimpleClientHttpResponse.getRawStatusCode(SimpleClientHttpResponse.java:55)
	at org.springframework.web.client.DefaultResponseErrorHandler.hasError(DefaultResponseErrorHandler.java:61)
	at org.springframework.web.client.RestTemplate.handleResponse(RestTemplate.java:813)
	at org.springframework.web.client.RestTemplate.doExecute(RestTemplate.java:783)
	... 15 common frames omitted
